{"C:\\Users\\send2\\OneDrive\\Desktop\\cse341-projects\\cse341-rental-api\\server.js": {"path":"C:\\Users\\send2\\OneDrive\\Desktop\\cse341-projects\\cse341-rental-api\\server.js","statementMap":{"0":{"start":{"line":2,"column":16},"end":{"line":2,"column":34}},"1":{"start":{"line":3,"column":19},"end":{"line":3,"column":41}},"2":{"start":{"line":4,"column":15},"end":{"line":4,"column":35}},"3":{"start":{"line":5,"column":26},"end":{"line":5,"column":62}},"4":{"start":{"line":6,"column":17},"end":{"line":6,"column":36}},"5":{"start":{"line":7,"column":16},"end":{"line":7,"column":42}},"6":{"start":{"line":8,"column":19},"end":{"line":8,"column":43}},"7":{"start":{"line":10,"column":12},"end":{"line":10,"column":21}},"8":{"start":{"line":13,"column":0},"end":{"line":13,"column":27}},"9":{"start":{"line":15,"column":0},"end":{"line":15,"column":43}},"10":{"start":{"line":17,"column":13},"end":{"line":17,"column":29}},"11":{"start":{"line":20,"column":0},"end":{"line":20,"column":27}},"12":{"start":{"line":21,"column":0},"end":{"line":24,"column":3}},"13":{"start":{"line":22,"column":2},"end":{"line":22,"column":52}},"14":{"start":{"line":23,"column":2},"end":{"line":23,"column":9}},"15":{"start":{"line":26,"column":0},"end":{"line":28,"column":3}},"16":{"start":{"line":27,"column":2},"end":{"line":27,"column":97}},"17":{"start":{"line":31,"column":0},"end":{"line":38,"column":2}},"18":{"start":{"line":41,"column":0},"end":{"line":41,"column":31}},"19":{"start":{"line":42,"column":0},"end":{"line":42,"column":28}},"20":{"start":{"line":45,"column":0},"end":{"line":45,"column":21}},"21":{"start":{"line":48,"column":14},"end":{"line":55,"column":1}},"22":{"start":{"line":49,"column":2},"end":{"line":54,"column":3}},"23":{"start":{"line":50,"column":4},"end":{"line":50,"column":51}},"24":{"start":{"line":51,"column":4},"end":{"line":51,"column":82}},"25":{"start":{"line":51,"column":27},"end":{"line":51,"column":80}},"26":{"start":{"line":53,"column":4},"end":{"line":53,"column":23}},"27":{"start":{"line":58,"column":0},"end":{"line":58,"column":8}},"28":{"start":{"line":60,"column":0},"end":{"line":60,"column":21}}},"fnMap":{"0":{"name":"(anonymous_0)","decl":{"start":{"line":21,"column":8},"end":{"line":21,"column":9}},"loc":{"start":{"line":21,"column":28},"end":{"line":24,"column":1}},"line":21},"1":{"name":"(anonymous_1)","decl":{"start":{"line":26,"column":32},"end":{"line":26,"column":33}},"loc":{"start":{"line":26,"column":51},"end":{"line":28,"column":1}},"line":26},"2":{"name":"(anonymous_2)","decl":{"start":{"line":48,"column":14},"end":{"line":48,"column":15}},"loc":{"start":{"line":48,"column":26},"end":{"line":55,"column":1}},"line":48},"3":{"name":"(anonymous_3)","decl":{"start":{"line":51,"column":21},"end":{"line":51,"column":22}},"loc":{"start":{"line":51,"column":27},"end":{"line":51,"column":80}},"line":51}},"branchMap":{},"s":{"0":1,"1":1,"2":1,"3":1,"4":1,"5":1,"6":1,"7":1,"8":1,"9":1,"10":1,"11":1,"12":1,"13":3,"14":3,"15":1,"16":0,"17":1,"18":1,"19":1,"20":1,"21":1,"22":1,"23":1,"24":0,"25":0,"26":0,"27":1,"28":1},"f":{"0":3,"1":0,"2":1,"3":0},"b":{},"_coverageSchema":"1a1c01bbd47fc00a2c39e90264f33305004495a9","hash":"edb098cbd6fccae838665434ded5200bf8a8be54"}
,"C:\\Users\\send2\\OneDrive\\Desktop\\cse341-projects\\cse341-rental-api\\controllers\\index.js": {"path":"C:\\Users\\send2\\OneDrive\\Desktop\\cse341-projects\\cse341-rental-api\\controllers\\index.js","statementMap":{"0":{"start":{"line":4,"column":20},"end":{"line":12,"column":1}},"1":{"start":{"line":5,"column":2},"end":{"line":11,"column":3}},"2":{"start":{"line":6,"column":4},"end":{"line":8,"column":95}},"3":{"start":{"line":10,"column":4},"end":{"line":10,"column":32}},"4":{"start":{"line":14,"column":0},"end":{"line":14,"column":33}}},"fnMap":{"0":{"name":"(anonymous_0)","decl":{"start":{"line":4,"column":20},"end":{"line":4,"column":21}},"loc":{"start":{"line":4,"column":40},"end":{"line":12,"column":1}},"line":4}},"branchMap":{},"s":{"0":1,"1":0,"2":0,"3":0,"4":1},"f":{"0":0},"b":{},"_coverageSchema":"1a1c01bbd47fc00a2c39e90264f33305004495a9","hash":"2e5fcdc0e2e272cc08f791422e8069c5323a9127"}
,"C:\\Users\\send2\\OneDrive\\Desktop\\cse341-projects\\cse341-rental-api\\controllers\\usersController.js": {"path":"C:\\Users\\send2\\OneDrive\\Desktop\\cse341-projects\\cse341-rental-api\\controllers\\usersController.js","statementMap":{"0":{"start":{"line":2,"column":13},"end":{"line":2,"column":38}},"1":{"start":{"line":3,"column":18},"end":{"line":3,"column":48}},"2":{"start":{"line":4,"column":17},"end":{"line":4,"column":44}},"3":{"start":{"line":7,"column":21},"end":{"line":34,"column":1}},"4":{"start":{"line":8,"column":2},"end":{"line":33,"column":3}},"5":{"start":{"line":10,"column":53},"end":{"line":10,"column":61}},"6":{"start":{"line":12,"column":35},"end":{"line":12,"column":64}},"7":{"start":{"line":13,"column":4},"end":{"line":15,"column":5}},"8":{"start":{"line":14,"column":6},"end":{"line":14,"column":79}},"9":{"start":{"line":17,"column":17},"end":{"line":17,"column":76}},"10":{"start":{"line":19,"column":18},"end":{"line":19,"column":34}},"11":{"start":{"line":21,"column":4},"end":{"line":30,"column":7}},"12":{"start":{"line":32,"column":4},"end":{"line":32,"column":40}},"13":{"start":{"line":37,"column":20},"end":{"line":45,"column":1}},"14":{"start":{"line":38,"column":2},"end":{"line":44,"column":3}},"15":{"start":{"line":39,"column":20},"end":{"line":39,"column":38}},"16":{"start":{"line":40,"column":19},"end":{"line":40,"column":36}},"17":{"start":{"line":41,"column":4},"end":{"line":41,"column":78}},"18":{"start":{"line":43,"column":4},"end":{"line":43,"column":32}},"19":{"start":{"line":48,"column":14},"end":{"line":76,"column":1}},"20":{"start":{"line":49,"column":2},"end":{"line":75,"column":3}},"21":{"start":{"line":51,"column":32},"end":{"line":51,"column":40}},"22":{"start":{"line":52,"column":4},"end":{"line":52,"column":26}},"23":{"start":{"line":55,"column":17},"end":{"line":55,"column":66}},"24":{"start":{"line":57,"column":4},"end":{"line":59,"column":5}},"25":{"start":{"line":58,"column":6},"end":{"line":58,"column":45}},"26":{"start":{"line":62,"column":30},"end":{"line":62,"column":66}},"27":{"start":{"line":63,"column":4},"end":{"line":65,"column":5}},"28":{"start":{"line":64,"column":6},"end":{"line":64,"column":45}},"29":{"start":{"line":68,"column":18},"end":{"line":68,"column":34}},"30":{"start":{"line":70,"column":4},"end":{"line":70,"column":30}},"31":{"start":{"line":72,"column":4},"end":{"line":72,"column":42}},"32":{"start":{"line":74,"column":4},"end":{"line":74,"column":40}},"33":{"start":{"line":79,"column":19},"end":{"line":105,"column":1}},"34":{"start":{"line":80,"column":2},"end":{"line":104,"column":3}},"35":{"start":{"line":81,"column":4},"end":{"line":81,"column":26}},"36":{"start":{"line":83,"column":4},"end":{"line":83,"column":26}},"37":{"start":{"line":84,"column":85},"end":{"line":84,"column":93}},"38":{"start":{"line":86,"column":17},"end":{"line":86,"column":61}},"39":{"start":{"line":88,"column":4},"end":{"line":88,"column":31}},"40":{"start":{"line":89,"column":4},"end":{"line":89,"column":29}},"41":{"start":{"line":90,"column":4},"end":{"line":90,"column":23}},"42":{"start":{"line":91,"column":4},"end":{"line":91,"column":29}},"43":{"start":{"line":92,"column":4},"end":{"line":92,"column":25}},"44":{"start":{"line":93,"column":4},"end":{"line":93,"column":39}},"45":{"start":{"line":94,"column":4},"end":{"line":94,"column":28}},"46":{"start":{"line":97,"column":4},"end":{"line":97,"column":22}},"47":{"start":{"line":99,"column":18},"end":{"line":99,"column":34}},"48":{"start":{"line":101,"column":4},"end":{"line":101,"column":42}},"49":{"start":{"line":103,"column":4},"end":{"line":103,"column":40}},"50":{"start":{"line":108,"column":22},"end":{"line":119,"column":1}},"51":{"start":{"line":109,"column":2},"end":{"line":111,"column":3}},"52":{"start":{"line":110,"column":4},"end":{"line":110,"column":83}},"53":{"start":{"line":112,"column":2},"end":{"line":118,"column":3}},"54":{"start":{"line":113,"column":17},"end":{"line":113,"column":98}},"55":{"start":{"line":114,"column":4},"end":{"line":114,"column":69}},"56":{"start":{"line":115,"column":4},"end":{"line":115,"column":31}},"57":{"start":{"line":117,"column":4},"end":{"line":117,"column":32}},"58":{"start":{"line":122,"column":20},"end":{"line":132,"column":1}},"59":{"start":{"line":123,"column":2},"end":{"line":131,"column":3}},"60":{"start":{"line":124,"column":18},"end":{"line":124,"column":35}},"61":{"start":{"line":125,"column":19},"end":{"line":125,"column":41}},"62":{"start":{"line":126,"column":19},"end":{"line":126,"column":40}},"63":{"start":{"line":127,"column":4},"end":{"line":127,"column":69}},"64":{"start":{"line":128,"column":4},"end":{"line":128,"column":35}},"65":{"start":{"line":130,"column":4},"end":{"line":130,"column":32}},"66":{"start":{"line":134,"column":0},"end":{"line":141,"column":2}}},"fnMap":{"0":{"name":"(anonymous_0)","decl":{"start":{"line":7,"column":21},"end":{"line":7,"column":22}},"loc":{"start":{"line":7,"column":41},"end":{"line":34,"column":1}},"line":7},"1":{"name":"(anonymous_1)","decl":{"start":{"line":37,"column":20},"end":{"line":37,"column":21}},"loc":{"start":{"line":37,"column":40},"end":{"line":45,"column":1}},"line":37},"2":{"name":"(anonymous_2)","decl":{"start":{"line":48,"column":14},"end":{"line":48,"column":15}},"loc":{"start":{"line":48,"column":34},"end":{"line":76,"column":1}},"line":48},"3":{"name":"(anonymous_3)","decl":{"start":{"line":79,"column":19},"end":{"line":79,"column":20}},"loc":{"start":{"line":79,"column":39},"end":{"line":105,"column":1}},"line":79},"4":{"name":"(anonymous_4)","decl":{"start":{"line":108,"column":22},"end":{"line":108,"column":23}},"loc":{"start":{"line":108,"column":42},"end":{"line":119,"column":1}},"line":108},"5":{"name":"(anonymous_5)","decl":{"start":{"line":122,"column":20},"end":{"line":122,"column":21}},"loc":{"start":{"line":122,"column":40},"end":{"line":132,"column":1}},"line":122}},"branchMap":{"0":{"loc":{"start":{"line":13,"column":4},"end":{"line":15,"column":5}},"type":"if","locations":[{"start":{"line":13,"column":4},"end":{"line":15,"column":5}},{"start":{},"end":{}}],"line":13},"1":{"loc":{"start":{"line":57,"column":4},"end":{"line":59,"column":5}},"type":"if","locations":[{"start":{"line":57,"column":4},"end":{"line":59,"column":5}},{"start":{},"end":{}}],"line":57},"2":{"loc":{"start":{"line":63,"column":4},"end":{"line":65,"column":5}},"type":"if","locations":[{"start":{"line":63,"column":4},"end":{"line":65,"column":5}},{"start":{},"end":{}}],"line":63},"3":{"loc":{"start":{"line":109,"column":2},"end":{"line":111,"column":3}},"type":"if","locations":[{"start":{"line":109,"column":2},"end":{"line":111,"column":3}},{"start":{},"end":{}}],"line":109},"4":{"loc":{"start":{"line":113,"column":17},"end":{"line":113,"column":98}},"type":"binary-expr","locations":[{"start":{"line":113,"column":18},"end":{"line":113,"column":52}},{"start":{"line":113,"column":58},"end":{"line":113,"column":97}}],"line":113}},"s":{"0":1,"1":1,"2":1,"3":1,"4":0,"5":0,"6":0,"7":0,"8":0,"9":0,"10":0,"11":0,"12":0,"13":1,"14":0,"15":0,"16":0,"17":0,"18":0,"19":1,"20":0,"21":0,"22":0,"23":0,"24":0,"25":0,"26":0,"27":0,"28":0,"29":0,"30":0,"31":0,"32":0,"33":1,"34":0,"35":0,"36":0,"37":0,"38":0,"39":0,"40":0,"41":0,"42":0,"43":0,"44":0,"45":0,"46":0,"47":0,"48":0,"49":0,"50":1,"51":0,"52":0,"53":0,"54":0,"55":0,"56":0,"57":0,"58":1,"59":0,"60":0,"61":0,"62":0,"63":0,"64":0,"65":0,"66":1},"f":{"0":0,"1":0,"2":0,"3":0,"4":0,"5":0},"b":{"0":[0,0],"1":[0,0],"2":[0,0],"3":[0,0],"4":[0,0]},"_coverageSchema":"1a1c01bbd47fc00a2c39e90264f33305004495a9","hash":"5eca5bc08cd783626ff63ab15a7f45ffb36c5e6c"}
,"C:\\Users\\send2\\OneDrive\\Desktop\\cse341-projects\\cse341-rental-api\\db\\connectionToDatabase.js": {"path":"C:\\Users\\send2\\OneDrive\\Desktop\\cse341-projects\\cse341-rental-api\\db\\connectionToDatabase.js","statementMap":{"0":{"start":{"line":1,"column":17},"end":{"line":1,"column":36}},"1":{"start":{"line":8,"column":26},"end":{"line":11,"column":1}},"2":{"start":{"line":9,"column":2},"end":{"line":9,"column":36}},"3":{"start":{"line":10,"column":2},"end":{"line":10,"column":31}},"4":{"start":{"line":13,"column":0},"end":{"line":13,"column":35}}},"fnMap":{"0":{"name":"(anonymous_0)","decl":{"start":{"line":8,"column":26},"end":{"line":8,"column":27}},"loc":{"start":{"line":8,"column":35},"end":{"line":11,"column":1}},"line":8}},"branchMap":{},"s":{"0":1,"1":1,"2":1,"3":1,"4":1},"f":{"0":1},"b":{},"_coverageSchema":"1a1c01bbd47fc00a2c39e90264f33305004495a9","hash":"6ef691d6ec25b0093c9d912cbdc217381d03c2a8"}
,"C:\\Users\\send2\\OneDrive\\Desktop\\cse341-projects\\cse341-rental-api\\helpers\\validate.js": {"path":"C:\\Users\\send2\\OneDrive\\Desktop\\cse341-projects\\cse341-rental-api\\helpers\\validate.js","statementMap":{"0":{"start":{"line":1,"column":18},"end":{"line":1,"column":40}},"1":{"start":{"line":3,"column":18},"end":{"line":7,"column":1}},"2":{"start":{"line":4,"column":21},"end":{"line":4,"column":63}},"3":{"start":{"line":5,"column":2},"end":{"line":5,"column":48}},"4":{"start":{"line":5,"column":26},"end":{"line":5,"column":46}},"5":{"start":{"line":6,"column":2},"end":{"line":6,"column":61}},"6":{"start":{"line":6,"column":25},"end":{"line":6,"column":59}},"7":{"start":{"line":9,"column":0},"end":{"line":9,"column":27}}},"fnMap":{"0":{"name":"(anonymous_0)","decl":{"start":{"line":3,"column":18},"end":{"line":3,"column":19}},"loc":{"start":{"line":3,"column":61},"end":{"line":7,"column":1}},"line":3},"1":{"name":"(anonymous_1)","decl":{"start":{"line":5,"column":20},"end":{"line":5,"column":21}},"loc":{"start":{"line":5,"column":26},"end":{"line":5,"column":46}},"line":5},"2":{"name":"(anonymous_2)","decl":{"start":{"line":6,"column":19},"end":{"line":6,"column":20}},"loc":{"start":{"line":6,"column":25},"end":{"line":6,"column":59}},"line":6}},"branchMap":{},"s":{"0":1,"1":1,"2":0,"3":0,"4":0,"5":0,"6":0,"7":1},"f":{"0":0,"1":0,"2":0},"b":{},"_coverageSchema":"1a1c01bbd47fc00a2c39e90264f33305004495a9","hash":"bdd320ac6855fc8be79952de0d9a7f013c89f74a"}
,"C:\\Users\\send2\\OneDrive\\Desktop\\cse341-projects\\cse341-rental-api\\middleware\\authentication.js": {"path":"C:\\Users\\send2\\OneDrive\\Desktop\\cse341-projects\\cse341-rental-api\\middleware\\authentication.js","statementMap":{"0":{"start":{"line":1,"column":12},"end":{"line":1,"column":35}},"1":{"start":{"line":4,"column":25},"end":{"line":29,"column":1}},"2":{"start":{"line":6,"column":21},"end":{"line":6,"column":46}},"3":{"start":{"line":7,"column":2},"end":{"line":7,"column":26}},"4":{"start":{"line":8,"column":2},"end":{"line":28,"column":3}},"5":{"start":{"line":9,"column":4},"end":{"line":9,"column":34}},"6":{"start":{"line":10,"column":4},"end":{"line":10,"column":41}},"7":{"start":{"line":13,"column":18},"end":{"line":13,"column":42}},"8":{"start":{"line":14,"column":4},"end":{"line":27,"column":5}},"9":{"start":{"line":17,"column":22},"end":{"line":17,"column":63}},"10":{"start":{"line":18,"column":6},"end":{"line":18,"column":27}},"11":{"start":{"line":20,"column":6},"end":{"line":20,"column":44}},"12":{"start":{"line":23,"column":6},"end":{"line":23,"column":13}},"13":{"start":{"line":25,"column":6},"end":{"line":25,"column":40}},"14":{"start":{"line":31,"column":0},"end":{"line":31,"column":38}}},"fnMap":{"0":{"name":"(anonymous_0)","decl":{"start":{"line":4,"column":25},"end":{"line":4,"column":26}},"loc":{"start":{"line":4,"column":51},"end":{"line":29,"column":1}},"line":4}},"branchMap":{"0":{"loc":{"start":{"line":8,"column":2},"end":{"line":28,"column":3}},"type":"if","locations":[{"start":{"line":8,"column":2},"end":{"line":28,"column":3}},{"start":{"line":11,"column":9},"end":{"line":28,"column":3}}],"line":8},"1":{"loc":{"start":{"line":8,"column":6},"end":{"line":8,"column":53}},"type":"binary-expr","locations":[{"start":{"line":8,"column":6},"end":{"line":8,"column":17}},{"start":{"line":8,"column":21},"end":{"line":8,"column":53}}],"line":8}},"s":{"0":2,"1":2,"2":3,"3":3,"4":3,"5":2,"6":2,"7":1,"8":1,"9":1,"10":1,"11":1,"12":1,"13":0,"14":2},"f":{"0":3},"b":{"0":[2,1],"1":[3,2]},"_coverageSchema":"1a1c01bbd47fc00a2c39e90264f33305004495a9","hash":"3e6cf2a722b28ad9f2f06a6ea91547f06a8c9b3c"}
,"C:\\Users\\send2\\OneDrive\\Desktop\\cse341-projects\\cse341-rental-api\\middleware\\passport.js": {"path":"C:\\Users\\send2\\OneDrive\\Desktop\\cse341-projects\\cse341-rental-api\\middleware\\passport.js","statementMap":{"0":{"start":{"line":1,"column":23},"end":{"line":1,"column":66}},"1":{"start":{"line":3,"column":18},"end":{"line":3,"column":48}},"2":{"start":{"line":5,"column":0},"end":{"line":47,"column":2}},"3":{"start":{"line":6,"column":2},"end":{"line":38,"column":4}},"4":{"start":{"line":14,"column":8},"end":{"line":14,"column":29}},"5":{"start":{"line":15,"column":8},"end":{"line":15,"column":33}},"6":{"start":{"line":16,"column":24},"end":{"line":22,"column":9}},"7":{"start":{"line":24,"column":8},"end":{"line":35,"column":9}},"8":{"start":{"line":26,"column":21},"end":{"line":26,"column":70}},"9":{"start":{"line":27,"column":10},"end":{"line":32,"column":11}},"10":{"start":{"line":28,"column":12},"end":{"line":28,"column":29}},"11":{"start":{"line":30,"column":12},"end":{"line":30,"column":51}},"12":{"start":{"line":31,"column":12},"end":{"line":31,"column":29}},"13":{"start":{"line":34,"column":10},"end":{"line":34,"column":29}},"14":{"start":{"line":40,"column":2},"end":{"line":42,"column":5}},"15":{"start":{"line":41,"column":4},"end":{"line":41,"column":24}},"16":{"start":{"line":44,"column":2},"end":{"line":46,"column":5}},"17":{"start":{"line":45,"column":4},"end":{"line":45,"column":59}},"18":{"start":{"line":45,"column":42},"end":{"line":45,"column":57}}},"fnMap":{"0":{"name":"(anonymous_0)","decl":{"start":{"line":5,"column":17},"end":{"line":5,"column":18}},"loc":{"start":{"line":5,"column":37},"end":{"line":47,"column":1}},"line":5},"1":{"name":"(anonymous_1)","decl":{"start":{"line":13,"column":6},"end":{"line":13,"column":7}},"loc":{"start":{"line":13,"column":58},"end":{"line":36,"column":7}},"line":13},"2":{"name":"(anonymous_2)","decl":{"start":{"line":40,"column":25},"end":{"line":40,"column":26}},"loc":{"start":{"line":40,"column":41},"end":{"line":42,"column":3}},"line":40},"3":{"name":"(anonymous_3)","decl":{"start":{"line":44,"column":27},"end":{"line":44,"column":28}},"loc":{"start":{"line":44,"column":41},"end":{"line":46,"column":3}},"line":44},"4":{"name":"(anonymous_4)","decl":{"start":{"line":45,"column":27},"end":{"line":45,"column":28}},"loc":{"start":{"line":45,"column":42},"end":{"line":45,"column":57}},"line":45}},"branchMap":{"0":{"loc":{"start":{"line":27,"column":10},"end":{"line":32,"column":11}},"type":"if","locations":[{"start":{"line":27,"column":10},"end":{"line":32,"column":11}},{"start":{"line":29,"column":17},"end":{"line":32,"column":11}}],"line":27}},"s":{"0":1,"1":1,"2":1,"3":1,"4":0,"5":0,"6":0,"7":0,"8":0,"9":0,"10":0,"11":0,"12":0,"13":0,"14":1,"15":0,"16":1,"17":0,"18":0},"f":{"0":1,"1":0,"2":0,"3":0,"4":0},"b":{"0":[0,0]},"_coverageSchema":"1a1c01bbd47fc00a2c39e90264f33305004495a9","hash":"ea6032d757d05d47db70a23a3712df5969d61fae"}
,"C:\\Users\\send2\\OneDrive\\Desktop\\cse341-projects\\cse341-rental-api\\middleware\\validate.js": {"path":"C:\\Users\\send2\\OneDrive\\Desktop\\cse341-projects\\cse341-rental-api\\middleware\\validate.js","statementMap":{"0":{"start":{"line":1,"column":18},"end":{"line":1,"column":48}},"1":{"start":{"line":4,"column":33},"end":{"line":23,"column":1}},"2":{"start":{"line":5,"column":25},"end":{"line":11,"column":3}},"3":{"start":{"line":12,"column":2},"end":{"line":22,"column":5}},"4":{"start":{"line":13,"column":4},"end":{"line":21,"column":5}},"5":{"start":{"line":14,"column":6},"end":{"line":18,"column":9}},"6":{"start":{"line":20,"column":6},"end":{"line":20,"column":13}},"7":{"start":{"line":26,"column":51},"end":{"line":44,"column":1}},"8":{"start":{"line":27,"column":25},"end":{"line":32,"column":3}},"9":{"start":{"line":33,"column":2},"end":{"line":43,"column":5}},"10":{"start":{"line":34,"column":4},"end":{"line":42,"column":5}},"11":{"start":{"line":35,"column":6},"end":{"line":39,"column":9}},"12":{"start":{"line":41,"column":6},"end":{"line":41,"column":13}},"13":{"start":{"line":47,"column":45},"end":{"line":63,"column":1}},"14":{"start":{"line":48,"column":25},"end":{"line":51,"column":3}},"15":{"start":{"line":52,"column":2},"end":{"line":62,"column":5}},"16":{"start":{"line":53,"column":4},"end":{"line":61,"column":5}},"17":{"start":{"line":54,"column":6},"end":{"line":58,"column":9}},"18":{"start":{"line":60,"column":6},"end":{"line":60,"column":13}},"19":{"start":{"line":66,"column":48},"end":{"line":88,"column":1}},"20":{"start":{"line":67,"column":25},"end":{"line":76,"column":3}},"21":{"start":{"line":77,"column":2},"end":{"line":87,"column":5}},"22":{"start":{"line":78,"column":4},"end":{"line":86,"column":5}},"23":{"start":{"line":79,"column":6},"end":{"line":83,"column":9}},"24":{"start":{"line":85,"column":6},"end":{"line":85,"column":13}},"25":{"start":{"line":90,"column":0},"end":{"line":95,"column":2}}},"fnMap":{"0":{"name":"(anonymous_0)","decl":{"start":{"line":4,"column":33},"end":{"line":4,"column":34}},"loc":{"start":{"line":4,"column":53},"end":{"line":23,"column":1}},"line":4},"1":{"name":"(anonymous_1)","decl":{"start":{"line":12,"column":42},"end":{"line":12,"column":43}},"loc":{"start":{"line":12,"column":59},"end":{"line":22,"column":3}},"line":12},"2":{"name":"(anonymous_2)","decl":{"start":{"line":26,"column":51},"end":{"line":26,"column":52}},"loc":{"start":{"line":26,"column":71},"end":{"line":44,"column":1}},"line":26},"3":{"name":"(anonymous_3)","decl":{"start":{"line":33,"column":42},"end":{"line":33,"column":43}},"loc":{"start":{"line":33,"column":59},"end":{"line":43,"column":3}},"line":33},"4":{"name":"(anonymous_4)","decl":{"start":{"line":47,"column":45},"end":{"line":47,"column":46}},"loc":{"start":{"line":47,"column":65},"end":{"line":63,"column":1}},"line":47},"5":{"name":"(anonymous_5)","decl":{"start":{"line":52,"column":42},"end":{"line":52,"column":43}},"loc":{"start":{"line":52,"column":59},"end":{"line":62,"column":3}},"line":52},"6":{"name":"(anonymous_6)","decl":{"start":{"line":66,"column":48},"end":{"line":66,"column":49}},"loc":{"start":{"line":66,"column":68},"end":{"line":88,"column":1}},"line":66},"7":{"name":"(anonymous_7)","decl":{"start":{"line":77,"column":42},"end":{"line":77,"column":43}},"loc":{"start":{"line":77,"column":59},"end":{"line":87,"column":3}},"line":77}},"branchMap":{"0":{"loc":{"start":{"line":13,"column":4},"end":{"line":21,"column":5}},"type":"if","locations":[{"start":{"line":13,"column":4},"end":{"line":21,"column":5}},{"start":{"line":19,"column":11},"end":{"line":21,"column":5}}],"line":13},"1":{"loc":{"start":{"line":34,"column":4},"end":{"line":42,"column":5}},"type":"if","locations":[{"start":{"line":34,"column":4},"end":{"line":42,"column":5}},{"start":{"line":40,"column":11},"end":{"line":42,"column":5}}],"line":34},"2":{"loc":{"start":{"line":53,"column":4},"end":{"line":61,"column":5}},"type":"if","locations":[{"start":{"line":53,"column":4},"end":{"line":61,"column":5}},{"start":{"line":59,"column":11},"end":{"line":61,"column":5}}],"line":53},"3":{"loc":{"start":{"line":78,"column":4},"end":{"line":86,"column":5}},"type":"if","locations":[{"start":{"line":78,"column":4},"end":{"line":86,"column":5}},{"start":{"line":84,"column":11},"end":{"line":86,"column":5}}],"line":78}},"s":{"0":1,"1":1,"2":0,"3":0,"4":0,"5":0,"6":0,"7":1,"8":0,"9":0,"10":0,"11":0,"12":0,"13":1,"14":0,"15":0,"16":0,"17":0,"18":0,"19":1,"20":0,"21":0,"22":0,"23":0,"24":0,"25":1},"f":{"0":0,"1":0,"2":0,"3":0,"4":0,"5":0,"6":0,"7":0},"b":{"0":[0,0],"1":[0,0],"2":[0,0],"3":[0,0]},"_coverageSchema":"1a1c01bbd47fc00a2c39e90264f33305004495a9","hash":"aa8c51814300967d3799f6f2c5d2b71fc79cba82"}
,"C:\\Users\\send2\\OneDrive\\Desktop\\cse341-projects\\cse341-rental-api\\models\\User.js": {"path":"C:\\Users\\send2\\OneDrive\\Desktop\\cse341-projects\\cse341-rental-api\\models\\User.js","statementMap":{"0":{"start":{"line":1,"column":17},"end":{"line":1,"column":36}},"1":{"start":{"line":2,"column":15},"end":{"line":2,"column":34}},"2":{"start":{"line":3,"column":12},"end":{"line":3,"column":35}},"3":{"start":{"line":5,"column":19},"end":{"line":44,"column":2}},"4":{"start":{"line":48,"column":0},"end":{"line":54,"column":3}},"5":{"start":{"line":51,"column":2},"end":{"line":51,"column":43}},"6":{"start":{"line":51,"column":36},"end":{"line":51,"column":43}},"7":{"start":{"line":52,"column":15},"end":{"line":52,"column":39}},"8":{"start":{"line":53,"column":2},"end":{"line":53,"column":57}},"9":{"start":{"line":58,"column":0},"end":{"line":64,"column":2}},"10":{"start":{"line":61,"column":2},"end":{"line":63,"column":5}},"11":{"start":{"line":67,"column":0},"end":{"line":70,"column":2}},"12":{"start":{"line":68,"column":18},"end":{"line":68,"column":72}},"13":{"start":{"line":69,"column":2},"end":{"line":69,"column":17}},"14":{"start":{"line":72,"column":0},"end":{"line":72,"column":52}}},"fnMap":{"0":{"name":"(anonymous_0)","decl":{"start":{"line":48,"column":23},"end":{"line":48,"column":24}},"loc":{"start":{"line":48,"column":41},"end":{"line":54,"column":1}},"line":48},"1":{"name":"(anonymous_1)","decl":{"start":{"line":58,"column":31},"end":{"line":58,"column":32}},"loc":{"start":{"line":58,"column":43},"end":{"line":64,"column":1}},"line":58},"2":{"name":"(anonymous_2)","decl":{"start":{"line":67,"column":37},"end":{"line":67,"column":38}},"loc":{"start":{"line":67,"column":72},"end":{"line":70,"column":1}},"line":67}},"branchMap":{"0":{"loc":{"start":{"line":51,"column":2},"end":{"line":51,"column":43}},"type":"if","locations":[{"start":{"line":51,"column":2},"end":{"line":51,"column":43}},{"start":{},"end":{}}],"line":51}},"s":{"0":1,"1":1,"2":1,"3":1,"4":1,"5":0,"6":0,"7":0,"8":0,"9":1,"10":0,"11":1,"12":0,"13":0,"14":1},"f":{"0":0,"1":0,"2":0},"b":{"0":[0,0]},"_coverageSchema":"1a1c01bbd47fc00a2c39e90264f33305004495a9","hash":"9f09f0edd889aff27d4c573f82d1a848cfb33145"}
,"C:\\Users\\send2\\OneDrive\\Desktop\\cse341-projects\\cse341-rental-api\\models\\UserOauth.js": {"path":"C:\\Users\\send2\\OneDrive\\Desktop\\cse341-projects\\cse341-rental-api\\models\\UserOauth.js","statementMap":{"0":{"start":{"line":1,"column":17},"end":{"line":1,"column":36}},"1":{"start":{"line":3,"column":19},"end":{"line":27,"column":2}},"2":{"start":{"line":29,"column":0},"end":{"line":29,"column":57}}},"fnMap":{},"branchMap":{},"s":{"0":1,"1":1,"2":1},"f":{},"b":{},"_coverageSchema":"1a1c01bbd47fc00a2c39e90264f33305004495a9","hash":"4ba9e3f72ddc4d635d9e9398ca78f47990a864bc"}
,"C:\\Users\\send2\\OneDrive\\Desktop\\cse341-projects\\cse341-rental-api\\routes\\homeRoute.js": {"path":"C:\\Users\\send2\\OneDrive\\Desktop\\cse341-projects\\cse341-rental-api\\routes\\homeRoute.js","statementMap":{"0":{"start":{"line":2,"column":16},"end":{"line":2,"column":34}},"1":{"start":{"line":5,"column":19},"end":{"line":5,"column":35}},"2":{"start":{"line":7,"column":24},"end":{"line":7,"column":58}},"3":{"start":{"line":10,"column":0},"end":{"line":10,"column":33}},"4":{"start":{"line":12,"column":0},"end":{"line":12,"column":28}}},"fnMap":{},"branchMap":{},"s":{"0":1,"1":1,"2":1,"3":1,"4":1},"f":{},"b":{},"_coverageSchema":"1a1c01bbd47fc00a2c39e90264f33305004495a9","hash":"e6ca51d3bcc90497facce0f66e44b329798c34cc"}
,"C:\\Users\\send2\\OneDrive\\Desktop\\cse341-projects\\cse341-rental-api\\routes\\index.js": {"path":"C:\\Users\\send2\\OneDrive\\Desktop\\cse341-projects\\cse341-rental-api\\routes\\index.js","statementMap":{"0":{"start":{"line":2,"column":16},"end":{"line":2,"column":34}},"1":{"start":{"line":4,"column":15},"end":{"line":4,"column":31}},"2":{"start":{"line":7,"column":19},"end":{"line":7,"column":44}},"3":{"start":{"line":8,"column":19},"end":{"line":8,"column":43}},"4":{"start":{"line":9,"column":22},"end":{"line":9,"column":58}},"5":{"start":{"line":12,"column":0},"end":{"line":12,"column":31}},"6":{"start":{"line":13,"column":0},"end":{"line":13,"column":28}},"7":{"start":{"line":14,"column":0},"end":{"line":14,"column":33}},"8":{"start":{"line":16,"column":0},"end":{"line":16,"column":24}}},"fnMap":{},"branchMap":{},"s":{"0":1,"1":1,"2":1,"3":1,"4":1,"5":1,"6":1,"7":1,"8":1},"f":{},"b":{},"_coverageSchema":"1a1c01bbd47fc00a2c39e90264f33305004495a9","hash":"c17ea75ce8544550732bfceccab3ce886a5d5d0e"}
,"C:\\Users\\send2\\OneDrive\\Desktop\\cse341-projects\\cse341-rental-api\\routes\\swaggerConnectionRoutes.js": {"path":"C:\\Users\\send2\\OneDrive\\Desktop\\cse341-projects\\cse341-rental-api\\routes\\swaggerConnectionRoutes.js","statementMap":{"0":{"start":{"line":2,"column":22},"end":{"line":2,"column":49}},"1":{"start":{"line":3,"column":18},"end":{"line":3,"column":47}},"2":{"start":{"line":4,"column":24},"end":{"line":4,"column":57}},"3":{"start":{"line":7,"column":0},"end":{"line":7,"column":48}},"4":{"start":{"line":8,"column":0},"end":{"line":8,"column":65}},"5":{"start":{"line":10,"column":0},"end":{"line":10,"column":31}}},"fnMap":{},"branchMap":{},"s":{"0":1,"1":1,"2":1,"3":1,"4":1,"5":1},"f":{},"b":{},"_coverageSchema":"1a1c01bbd47fc00a2c39e90264f33305004495a9","hash":"ce0e64901ca5b54f4d7e4a6be430f5d54b0be23b"}
,"C:\\Users\\send2\\OneDrive\\Desktop\\cse341-projects\\cse341-rental-api\\routes\\usersRoutes.js": {"path":"C:\\Users\\send2\\OneDrive\\Desktop\\cse341-projects\\cse341-rental-api\\routes\\usersRoutes.js","statementMap":{"0":{"start":{"line":2,"column":16},"end":{"line":2,"column":34}},"1":{"start":{"line":3,"column":17},"end":{"line":3,"column":36}},"2":{"start":{"line":5,"column":19},"end":{"line":5,"column":35}},"3":{"start":{"line":8,"column":29},"end":{"line":8,"column":71}},"4":{"start":{"line":11,"column":0},"end":{"line":14,"column":3}},"5":{"start":{"line":12,"column":2},"end":{"line":12,"column":67}},"6":{"start":{"line":13,"column":2},"end":{"line":13,"column":9}},"7":{"start":{"line":20,"column":4},"end":{"line":20,"column":37}},"8":{"start":{"line":29,"column":4},"end":{"line":29,"column":48}},"9":{"start":{"line":32,"column":0},"end":{"line":32,"column":83}},"10":{"start":{"line":35,"column":0},"end":{"line":35,"column":91}},"11":{"start":{"line":38,"column":0},"end":{"line":42,"column":2}},"12":{"start":{"line":45,"column":0},"end":{"line":45,"column":71}},"13":{"start":{"line":48,"column":0},"end":{"line":53,"column":2}},"14":{"start":{"line":56,"column":0},"end":{"line":56,"column":56}},"15":{"start":{"line":59,"column":0},"end":{"line":59,"column":51}},"16":{"start":{"line":61,"column":0},"end":{"line":61,"column":28}}},"fnMap":{"0":{"name":"(anonymous_0)","decl":{"start":{"line":11,"column":15},"end":{"line":11,"column":16}},"loc":{"start":{"line":11,"column":35},"end":{"line":14,"column":1}},"line":11}},"branchMap":{},"s":{"0":1,"1":1,"2":1,"3":1,"4":1,"5":1,"6":1,"7":1,"8":1,"9":1,"10":1,"11":1,"12":1,"13":1,"14":1,"15":1,"16":1},"f":{"0":1},"b":{},"_coverageSchema":"1a1c01bbd47fc00a2c39e90264f33305004495a9","hash":"5e177515ae1e71e5c5daafa8e50948b96690627c"}
}
